8 Patrocinio - 7 - 120
10 El Show de la Naturaleza - 5 - 30
12 Animales Asombrosos- Serie 2 - 5 - 30
14 Vida de Monos - 5 - 30
16 Caninos de 9 a 5 - 5 - 30
18 Animales Asombrosos- Serie 3 - 5 - 30
20 Reino Animal - 5 - 30
22 Animal Planet al Extremo - 5 - 60
27 Hospital de Animales - 5 - 30
29 De Casta le Viene al Perro - 5 - 30
31 El Show de la Naturaleza - 5 - 30
33 Animales asombrosos - 5 - 30
35 Vida de Monos - 5 - 30
37 Reino Animal - 5 - 30
39 Diario de grandes felinos - 3 - 60
44 Diario de grandes felinos - 3 - 60
5 Diario de grandes felinos - 3 - 60
8 El Show de la Naturaleza - 5 - 30
10 Nuestras Mascotas - 4 - 30
12 Vida de Monos - 4 - 30
14 Caninos de 9 a 5 - 4 - 30
4 Tigres en peligro - 2 - 60
18 Mundo Natural - 2 - 60
